Determining if the pthread_create exist failed with the following output:
Change Dir: /home/ros/userpath_fastrack/build/CMakeFiles/CMakeTmp

Run Build Command:"/usr/bin/make" "cmTC_424fe/fast"
/usr/bin/make -f CMakeFiles/cmTC_424fe.dir/build.make CMakeFiles/cmTC_424fe.dir/build
make[1]: Entering directory '/home/ros/userpath_fastrack/build/CMakeFiles/CMakeTmp'
Building C object CMakeFiles/cmTC_424fe.dir/CheckSymbolExists.c.o
/usr/bin/cc     -o CMakeFiles/cmTC_424fe.dir/CheckSymbolExists.c.o   -c /home/ros/userpath_fastrack/build/CMakeFiles/CMakeTmp/CheckSymbolExists.c
Linking C executable cmTC_424fe
/usr/bin/cmake -E cmake_link_script CMakeFiles/cmTC_424fe.dir/link.txt --verbose=1
/usr/bin/cc       CMakeFiles/cmTC_424fe.dir/CheckSymbolExists.c.o  -o cmTC_424fe -rdynamic 
CMakeFiles/cmTC_424fe.dir/CheckSymbolExists.c.o: In function `main':
CheckSymbolExists.c:(.text+0x16): undefined reference to `pthread_create'
collect2: error: ld returned 1 exit status
CMakeFiles/cmTC_424fe.dir/build.make:97: recipe for target 'cmTC_424fe' failed
make[1]: *** [cmTC_424fe] Error 1
make[1]: Leaving directory '/home/ros/userpath_fastrack/build/CMakeFiles/CMakeTmp'
Makefile:126: recipe for target 'cmTC_424fe/fast' failed
make: *** [cmTC_424fe/fast] Error 2

File /home/ros/userpath_fastrack/build/CMakeFiles/CMakeTmp/CheckSymbolExists.c:
/* */
#include <pthread.h>

int main(int argc, char** argv)
{
  (void)argv;
#ifndef pthread_create
  return ((int*)(&pthread_create))[argc];
#else
  (void)argc;
  return 0;
#endif
}

Determining if the function pthread_create exists in the pthreads failed with the following output:
Change Dir: /home/ros/userpath_fastrack/build/CMakeFiles/CMakeTmp

Run Build Command:"/usr/bin/make" "cmTC_1d4dc/fast"
/usr/bin/make -f CMakeFiles/cmTC_1d4dc.dir/build.make CMakeFiles/cmTC_1d4dc.dir/build
make[1]: Entering directory '/home/ros/userpath_fastrack/build/CMakeFiles/CMakeTmp'
Building C object CMakeFiles/cmTC_1d4dc.dir/CheckFunctionExists.c.o
/usr/bin/cc    -DCHECK_FUNCTION_EXISTS=pthread_create   -o CMakeFiles/cmTC_1d4dc.dir/CheckFunctionExists.c.o   -c /usr/share/cmake-3.5/Modules/CheckFunctionExists.c
Linking C executable cmTC_1d4dc
/usr/bin/cmake -E cmake_link_script CMakeFiles/cmTC_1d4dc.dir/link.txt --verbose=1
/usr/bin/cc   -DCHECK_FUNCTION_EXISTS=pthread_create    CMakeFiles/cmTC_1d4dc.dir/CheckFunctionExists.c.o  -o cmTC_1d4dc -rdynamic -lpthreads 
/usr/bin/ld: cannot find -lpthreads
collect2: error: ld returned 1 exit status
CMakeFiles/cmTC_1d4dc.dir/build.make:97: recipe for target 'cmTC_1d4dc' failed
make[1]: *** [cmTC_1d4dc] Error 1
make[1]: Leaving directory '/home/ros/userpath_fastrack/build/CMakeFiles/CMakeTmp'
Makefile:126: recipe for target 'cmTC_1d4dc/fast' failed
make: *** [cmTC_1d4dc/fast] Error 2


